{"C:\\Users\\200fe\\Desktop\\testing assessment\\src\\components\\PokemonGuesser\\PokemonGuesserContainer.tsx": {"path":"C:\\Users\\200fe\\Desktop\\testing assessment\\src\\components\\PokemonGuesser\\PokemonGuesserContainer.tsx","statementMap":{"0":{"start":{"line":8,"column":39},"end":{"line":48,"column":1}},"1":{"start":{"line":9,"column":49},"end":{"line":9,"column":70}},"2":{"start":{"line":10,"column":38},"end":{"line":12,"column":3}},"3":{"start":{"line":14,"column":23},"end":{"line":14,"column":55}},"4":{"start":{"line":16,"column":25},"end":{"line":16,"column":49}},"5":{"start":{"line":18,"column":18},"end":{"line":24,"column":3}},"6":{"start":{"line":19,"column":4},"end":{"line":23,"column":5}},"7":{"start":{"line":20,"column":6},"end":{"line":20,"column":41}},"8":{"start":{"line":22,"column":6},"end":{"line":22,"column":39}},"9":{"start":{"line":26,"column":2},"end":{"line":28,"column":9}},"10":{"start":{"line":27,"column":4},"end":{"line":27,"column":21}},"11":{"start":{"line":30,"column":18},"end":{"line":33,"column":3}},"12":{"start":{"line":31,"column":4},"end":{"line":31,"column":26}},"13":{"start":{"line":32,"column":4},"end":{"line":32,"column":40}},"14":{"start":{"line":35,"column":31},"end":{"line":35,"column":53}},"15":{"start":{"line":37,"column":2},"end":{"line":37,"column":35}},"16":{"start":{"line":39,"column":2},"end":{"line":47,"column":4}}},"fnMap":{"0":{"name":"(anonymous_0)","decl":{"start":{"line":8,"column":39},"end":{"line":8,"column":40}},"loc":{"start":{"line":8,"column":45},"end":{"line":48,"column":1}},"line":8},"1":{"name":"(anonymous_1)","decl":{"start":{"line":18,"column":18},"end":{"line":18,"column":19}},"loc":{"start":{"line":18,"column":36},"end":{"line":24,"column":3}},"line":18},"2":{"name":"(anonymous_2)","decl":{"start":{"line":26,"column":18},"end":{"line":26,"column":19}},"loc":{"start":{"line":26,"column":24},"end":{"line":28,"column":3}},"line":26},"3":{"name":"(anonymous_3)","decl":{"start":{"line":30,"column":18},"end":{"line":30,"column":19}},"loc":{"start":{"line":30,"column":24},"end":{"line":33,"column":3}},"line":30}},"branchMap":{"0":{"loc":{"start":{"line":19,"column":4},"end":{"line":23,"column":5}},"type":"if","locations":[{"start":{"line":19,"column":4},"end":{"line":23,"column":5}},{"start":{"line":21,"column":11},"end":{"line":23,"column":5}}],"line":19}},"s":{"0":1,"1":4,"2":4,"3":4,"4":4,"5":4,"6":2,"7":1,"8":1,"9":4,"10":2,"11":4,"12":0,"13":0,"14":4,"15":4,"16":4},"f":{"0":4,"1":2,"2":2,"3":0},"b":{"0":[1,1]},"_coverageSchema":"1a1c01bbd47fc00a2c39e90264f33305004495a9","hash":"e736f286e71b27a7cb4cba426c273a2dac59939b"}
,"C:\\Users\\200fe\\Desktop\\testing assessment\\src\\components\\PokemonGuesser\\types.ts": {"path":"C:\\Users\\200fe\\Desktop\\testing assessment\\src\\components\\PokemonGuesser\\types.ts","statementMap":{},"fnMap":{},"branchMap":{},"s":{},"f":{},"b":{},"_coverageSchema":"1a1c01bbd47fc00a2c39e90264f33305004495a9","hash":"24d5426625552900c33a9cad91d79f115baa4343"}
,"C:\\Users\\200fe\\Desktop\\testing assessment\\src\\components\\PokemonGuesser\\components\\PokemonGuessingImage.tsx": {"path":"C:\\Users\\200fe\\Desktop\\testing assessment\\src\\components\\PokemonGuesser\\components\\PokemonGuessingImage.tsx","statementMap":{"0":{"start":{"line":8,"column":21},"end":{"line":12,"column":1}},"1":{"start":{"line":11,"column":4},"end":{"line":11,"column":40}},"2":{"start":{"line":14,"column":36},"end":{"line":22,"column":1}},"3":{"start":{"line":15,"column":2},"end":{"line":21,"column":4}}},"fnMap":{"0":{"name":"(anonymous_0)","decl":{"start":{"line":10,"column":16},"end":{"line":10,"column":17}},"loc":{"start":{"line":11,"column":4},"end":{"line":11,"column":40}},"line":11},"1":{"name":"(anonymous_1)","decl":{"start":{"line":14,"column":36},"end":{"line":14,"column":37}},"loc":{"start":{"line":14,"column":74},"end":{"line":22,"column":1}},"line":14}},"branchMap":{"0":{"loc":{"start":{"line":11,"column":4},"end":{"line":11,"column":40}},"type":"cond-expr","locations":[{"start":{"line":11,"column":23},"end":{"line":11,"column":30}},{"start":{"line":11,"column":33},"end":{"line":11,"column":40}}],"line":11}},"s":{"0":2,"1":6,"2":2,"3":6},"f":{"0":6,"1":6},"b":{"0":[3,3]},"_coverageSchema":"1a1c01bbd47fc00a2c39e90264f33305004495a9","hash":"589e76a82bf988dc0e21aea9a24e26a3ec593116"}
,"C:\\Users\\200fe\\Desktop\\testing assessment\\src\\components\\PokemonGuesser\\hooks\\useGetRandomPokemon.ts": {"path":"C:\\Users\\200fe\\Desktop\\testing assessment\\src\\components\\PokemonGuesser\\hooks\\useGetRandomPokemon.ts","statementMap":{"0":{"start":{"line":12,"column":36},"end":{"line":14,"column":3}},"1":{"start":{"line":19,"column":6},"end":{"line":19,"column":32}},"2":{"start":{"line":21,"column":28},"end":{"line":21,"column":54}},"3":{"start":{"line":23,"column":24},"end":{"line":36,"column":4}},"4":{"start":{"line":24,"column":24},"end":{"line":24,"column":43}},"5":{"start":{"line":25,"column":3},"end":{"line":29,"column":5}},"6":{"start":{"line":26,"column":6},"end":{"line":26,"column":36}},"7":{"start":{"line":27,"column":11},"end":{"line":29,"column":5}},"8":{"start":{"line":28,"column":6},"end":{"line":28,"column":42}},"9":{"start":{"line":30,"column":4},"end":{"line":30,"column":16}},"10":{"start":{"line":38,"column":30},"end":{"line":40,"column":3}},"11":{"start":{"line":39,"column":4},"end":{"line":39,"column":53}},"12":{"start":{"line":42,"column":2},"end":{"line":42,"column":48}}},"fnMap":{"0":{"name":"useGetRandomPokemon","decl":{"start":{"line":8,"column":16},"end":{"line":8,"column":35}},"loc":{"start":{"line":11,"column":2},"end":{"line":43,"column":1}},"line":11},"1":{"name":"(anonymous_1)","decl":{"start":{"line":23,"column":32},"end":{"line":23,"column":33}},"loc":{"start":{"line":23,"column":38},"end":{"line":31,"column":3}},"line":23},"2":{"name":"(anonymous_2)","decl":{"start":{"line":38,"column":30},"end":{"line":38,"column":31}},"loc":{"start":{"line":38,"column":36},"end":{"line":40,"column":3}},"line":38}},"branchMap":{"0":{"loc":{"start":{"line":25,"column":3},"end":{"line":29,"column":5}},"type":"if","locations":[{"start":{"line":25,"column":3},"end":{"line":29,"column":5}},{"start":{"line":27,"column":11},"end":{"line":29,"column":5}}],"line":25},"1":{"loc":{"start":{"line":25,"column":7},"end":{"line":25,"column":44}},"type":"binary-expr","locations":[{"start":{"line":25,"column":7},"end":{"line":25,"column":26}},{"start":{"line":25,"column":30},"end":{"line":25,"column":44}}],"line":25},"2":{"loc":{"start":{"line":27,"column":11},"end":{"line":29,"column":5}},"type":"if","locations":[{"start":{"line":27,"column":11},"end":{"line":29,"column":5}},{"start":{},"end":{}}],"line":27},"3":{"loc":{"start":{"line":27,"column":15},"end":{"line":27,"column":46}},"type":"binary-expr","locations":[{"start":{"line":27,"column":15},"end":{"line":27,"column":32}},{"start":{"line":27,"column":36},"end":{"line":27,"column":46}}],"line":27}},"s":{"0":2,"1":2,"2":2,"3":2,"4":2,"5":2,"6":1,"7":1,"8":0,"9":1,"10":2,"11":1,"12":2},"f":{"0":2,"1":2,"2":1},"b":{"0":[1,1],"1":[2,1],"2":[0,1],"3":[1,0]},"_coverageSchema":"1a1c01bbd47fc00a2c39e90264f33305004495a9","hash":"35c955cd492c60ffed0dfd8bdd25321fdc9c4eb4"}
,"C:\\Users\\200fe\\Desktop\\testing assessment\\src\\context\\PokemonContext.tsx": {"path":"C:\\Users\\200fe\\Desktop\\testing assessment\\src\\context\\PokemonContext.tsx","statementMap":{"0":{"start":{"line":8,"column":28},"end":{"line":11,"column":1}},"1":{"start":{"line":13,"column":30},"end":{"line":16,"column":2}},"2":{"start":{"line":19,"column":28},"end":{"line":19,"column":61}},"3":{"start":{"line":21,"column":16},"end":{"line":24,"column":3}},"4":{"start":{"line":26,"column":2},"end":{"line":28,"column":4}}},"fnMap":{"0":{"name":"(anonymous_0)","decl":{"start":{"line":15,"column":12},"end":{"line":15,"column":13}},"loc":{"start":{"line":15,"column":18},"end":{"line":15,"column":20}},"line":15},"1":{"name":"PokemonProvider","decl":{"start":{"line":18,"column":16},"end":{"line":18,"column":31}},"loc":{"start":{"line":18,"column":77},"end":{"line":29,"column":1}},"line":18}},"branchMap":{},"s":{"0":2,"1":2,"2":0,"3":0,"4":0},"f":{"0":0,"1":0},"b":{},"_coverageSchema":"1a1c01bbd47fc00a2c39e90264f33305004495a9","hash":"a651211582e28d1eed5c916dd0ec4fe8860e4297"}
}
