TN:
SF:src\components\PokemonGuesser\PokemonGuesserContainer.tsx
FN:8,(anonymous_0)
FN:18,(anonymous_1)
FN:26,(anonymous_2)
FN:30,(anonymous_3)
FNF:4
FNH:3
FNDA:4,(anonymous_0)
FNDA:2,(anonymous_1)
FNDA:2,(anonymous_2)
FNDA:0,(anonymous_3)
DA:8,1
DA:9,4
DA:10,4
DA:14,4
DA:16,4
DA:18,4
DA:19,2
DA:20,1
DA:22,1
DA:26,4
DA:27,2
DA:30,4
DA:31,0
DA:32,0
DA:35,4
DA:37,4
DA:39,4
LF:17
LH:15
BRDA:19,0,0,1
BRDA:19,0,1,1
BRF:2
BRH:2
end_of_record
TN:
SF:src\components\PokemonGuesser\types.ts
FNF:0
FNH:0
LF:0
LH:0
BRF:0
BRH:0
end_of_record
TN:
SF:src\components\PokemonGuesser\components\PokemonGuessingImage.tsx
FN:10,(anonymous_0)
FN:14,(anonymous_1)
FNF:2
FNH:2
FNDA:6,(anonymous_0)
FNDA:6,(anonymous_1)
DA:8,2
DA:11,6
DA:14,2
DA:15,6
LF:4
LH:4
BRDA:11,0,0,3
BRDA:11,0,1,3
BRF:2
BRH:2
end_of_record
TN:
SF:src\components\PokemonGuesser\hooks\useGetRandomPokemon.ts
FN:8,useGetRandomPokemon
FN:23,(anonymous_1)
FN:38,(anonymous_2)
FNF:3
FNH:3
FNDA:2,useGetRandomPokemon
FNDA:2,(anonymous_1)
FNDA:1,(anonymous_2)
DA:12,2
DA:19,2
DA:21,2
DA:23,2
DA:24,2
DA:25,2
DA:26,1
DA:27,1
DA:28,0
DA:30,1
DA:38,2
DA:39,1
DA:42,2
LF:13
LH:12
BRDA:25,0,0,1
BRDA:25,0,1,1
BRDA:25,1,0,2
BRDA:25,1,1,1
BRDA:27,2,0,0
BRDA:27,2,1,1
BRDA:27,3,0,1
BRDA:27,3,1,0
BRF:8
BRH:6
end_of_record
TN:
SF:src\context\PokemonContext.tsx
FN:15,(anonymous_0)
FN:18,PokemonProvider
FNF:2
FNH:0
FNDA:0,(anonymous_0)
FNDA:0,PokemonProvider
DA:8,2
DA:13,2
DA:19,0
DA:21,0
DA:26,0
LF:5
LH:2
BRF:0
BRH:0
end_of_record
